mode: set
altaStore/business/admins/service.go:28.55,32.2 1 1
altaStore/business/admins/service.go:34.82,36.16 2 1
altaStore/business/admins/service.go:39.2,39.25 1 1
altaStore/business/admins/service.go:36.16,38.3 1 1
altaStore/business/admins/service.go:42.85,44.16 2 1
altaStore/business/admins/service.go:47.2,47.20 1 1
altaStore/business/admins/service.go:44.16,46.3 1 1
altaStore/business/admins/service.go:50.77,52.16 2 1
altaStore/business/admins/service.go:55.2,55.20 1 1
altaStore/business/admins/service.go:52.16,54.3 1 1
altaStore/business/admins/service.go:58.86,61.16 2 1
altaStore/business/admins/service.go:64.2,64.19 1 1
altaStore/business/admins/service.go:61.16,63.3 1 1
altaStore/business/admins/service.go:67.88,69.16 2 1
altaStore/business/admins/service.go:73.2,75.16 2 1
altaStore/business/admins/service.go:79.2,80.16 2 1
altaStore/business/admins/service.go:84.2,95.16 4 1
altaStore/business/admins/service.go:98.2,98.12 1 1
altaStore/business/admins/service.go:69.16,71.3 1 1
altaStore/business/admins/service.go:75.16,77.3 1 0
altaStore/business/admins/service.go:80.16,82.3 1 1
altaStore/business/admins/service.go:95.16,97.3 1 1
altaStore/business/admins/service.go:101.114,103.16 2 1
altaStore/business/admins/service.go:107.2,108.16 2 1
altaStore/business/admins/service.go:112.2,114.16 3 1
altaStore/business/admins/service.go:117.2,117.12 1 1
altaStore/business/admins/service.go:103.16,105.3 1 1
altaStore/business/admins/service.go:108.16,110.3 1 1
altaStore/business/admins/service.go:114.16,116.3 1 1
altaStore/business/admins/admins.go:27.10,39.2 1 1
altaStore/business/admins/admins.go:41.70,53.2 1 1
