mode: set
altaStore/business/admins/service.go:29.55,33.2 1 1
altaStore/business/admins/service.go:35.82,37.16 2 1
altaStore/business/admins/service.go:41.2,41.25 1 1
altaStore/business/admins/service.go:37.16,40.3 2 1
altaStore/business/admins/service.go:44.85,46.16 2 1
altaStore/business/admins/service.go:50.2,50.20 1 1
altaStore/business/admins/service.go:46.16,49.3 2 1
altaStore/business/admins/service.go:53.77,55.16 2 1
altaStore/business/admins/service.go:59.2,59.20 1 1
altaStore/business/admins/service.go:55.16,58.3 2 1
altaStore/business/admins/service.go:62.86,65.16 2 1
altaStore/business/admins/service.go:69.2,69.19 1 1
altaStore/business/admins/service.go:65.16,68.3 2 1
altaStore/business/admins/service.go:72.88,74.16 2 1
altaStore/business/admins/service.go:79.2,81.16 2 1
altaStore/business/admins/service.go:86.2,87.16 2 1
altaStore/business/admins/service.go:92.2,103.16 4 1
altaStore/business/admins/service.go:107.2,107.12 1 1
altaStore/business/admins/service.go:74.16,77.3 2 1
altaStore/business/admins/service.go:81.16,84.3 2 0
altaStore/business/admins/service.go:87.16,90.3 2 1
altaStore/business/admins/service.go:103.16,106.3 2 1
altaStore/business/admins/service.go:110.114,112.16 2 1
altaStore/business/admins/service.go:117.2,118.16 2 1
altaStore/business/admins/service.go:123.2,123.33 1 1
altaStore/business/admins/service.go:127.2,129.16 3 1
altaStore/business/admins/service.go:133.2,133.12 1 1
altaStore/business/admins/service.go:112.16,115.3 2 1
altaStore/business/admins/service.go:118.16,121.3 2 1
altaStore/business/admins/service.go:123.33,125.3 1 1
altaStore/business/admins/service.go:129.16,132.3 2 0
altaStore/business/admins/admins.go:27.10,39.2 1 1
altaStore/business/admins/admins.go:41.70,53.2 1 1
