mode: set
altaStore/business/address/address.go:47.31,64.2 1 1
altaStore/business/address/service.go:29.48,33.2 1 1
altaStore/business/address/service.go:36.76,38.16 2 1
altaStore/business/address/service.go:42.2,43.16 2 1
altaStore/business/address/service.go:57.2,57.42 1 1
altaStore/business/address/service.go:60.2,75.16 3 1
altaStore/business/address/service.go:79.2,79.12 1 1
altaStore/business/address/service.go:38.16,40.3 1 1
altaStore/business/address/service.go:43.16,44.35 1 1
altaStore/business/address/service.go:44.35,46.4 1 1
altaStore/business/address/service.go:47.8,49.34 1 1
altaStore/business/address/service.go:49.34,51.18 2 1
altaStore/business/address/service.go:51.18,53.5 1 1
altaStore/business/address/service.go:57.42,59.3 1 1
altaStore/business/address/service.go:75.16,77.3 1 1
altaStore/business/address/service.go:83.68,85.2 1 1
altaStore/business/address/service.go:88.65,91.16 2 1
altaStore/business/address/service.go:95.2,95.21 1 1
altaStore/business/address/service.go:91.16,93.3 1 1
altaStore/business/auth/service.go:19.77,24.2 1 1
altaStore/business/auth/service.go:27.72,29.16 2 1
altaStore/business/auth/service.go:33.2,35.22 2 1
altaStore/business/auth/service.go:39.2,47.60 7 1
altaStore/business/auth/service.go:29.16,31.3 1 1
altaStore/business/auth/service.go:35.22,37.3 1 1
altaStore/business/admins/admins.go:27.10,39.2 1 1
altaStore/business/admins/admins.go:41.70,53.2 1 1
altaStore/business/admins/service.go:29.55,33.2 1 1
altaStore/business/admins/service.go:35.82,37.16 2 1
altaStore/business/admins/service.go:41.2,41.25 1 1
altaStore/business/admins/service.go:37.16,40.3 2 1
altaStore/business/admins/service.go:44.85,46.16 2 1
altaStore/business/admins/service.go:50.2,50.20 1 1
altaStore/business/admins/service.go:46.16,49.3 2 1
altaStore/business/admins/service.go:53.77,55.16 2 1
altaStore/business/admins/service.go:59.2,59.20 1 1
altaStore/business/admins/service.go:55.16,58.3 2 1
altaStore/business/admins/service.go:62.86,65.16 2 1
altaStore/business/admins/service.go:69.2,69.19 1 1
altaStore/business/admins/service.go:65.16,68.3 2 1
altaStore/business/admins/service.go:72.88,74.16 2 1
altaStore/business/admins/service.go:79.2,81.16 2 1
altaStore/business/admins/service.go:86.2,87.16 2 1
altaStore/business/admins/service.go:92.2,103.16 4 1
altaStore/business/admins/service.go:107.2,107.12 1 1
altaStore/business/admins/service.go:74.16,77.3 2 1
altaStore/business/admins/service.go:81.16,84.3 2 0
altaStore/business/admins/service.go:87.16,90.3 2 1
altaStore/business/admins/service.go:103.16,106.3 2 1
altaStore/business/admins/service.go:110.114,112.16 2 1
altaStore/business/admins/service.go:117.2,118.16 2 1
altaStore/business/admins/service.go:123.2,123.33 1 1
altaStore/business/admins/service.go:127.2,129.16 3 1
altaStore/business/admins/service.go:133.2,133.12 1 1
altaStore/business/admins/service.go:112.16,115.3 2 1
altaStore/business/admins/service.go:118.16,121.3 2 1
altaStore/business/admins/service.go:123.33,125.3 1 1
altaStore/business/admins/service.go:129.16,132.3 2 0
altaStore/business/cart/cart.go:52.28,62.2 1 1
altaStore/business/cart/cart.go:70.34,81.2 1 1
altaStore/business/cart/cart.go:88.45,95.2 1 1
altaStore/business/cart/cart.go:98.86,105.2 1 1
altaStore/business/cart/cart.go:107.59,112.2 1 1
altaStore/business/cart/service.go:28.43,33.2 1 1
altaStore/business/cart/service.go:35.64,37.16 2 1
altaStore/business/cart/service.go:41.2,42.16 2 1
altaStore/business/cart/service.go:57.2,60.16 3 1
altaStore/business/cart/service.go:64.2,64.36 1 1
altaStore/business/cart/service.go:70.2,72.16 2 1
altaStore/business/cart/service.go:140.2,140.12 1 1
altaStore/business/cart/service.go:37.16,39.3 1 1
altaStore/business/cart/service.go:42.16,50.17 3 1
altaStore/business/cart/service.go:54.3,54.70 1 1
altaStore/business/cart/service.go:50.17,52.4 1 1
altaStore/business/cart/service.go:60.16,62.3 1 1
altaStore/business/cart/service.go:64.36,65.50 1 1
altaStore/business/cart/service.go:65.50,67.4 1 1
altaStore/business/cart/service.go:72.16,76.124 3 1
altaStore/business/cart/service.go:76.124,79.18 2 1
altaStore/business/cart/service.go:83.4,84.18 2 1
altaStore/business/cart/service.go:79.18,81.5 1 1
altaStore/business/cart/service.go:84.18,86.5 1 1
altaStore/business/cart/service.go:87.9,88.38 1 1
altaStore/business/cart/service.go:88.38,93.19 4 1
altaStore/business/cart/service.go:96.5,97.19 2 1
altaStore/business/cart/service.go:93.19,95.6 1 1
altaStore/business/cart/service.go:97.19,99.6 1 1
altaStore/business/cart/service.go:100.10,103.19 2 1
altaStore/business/cart/service.go:107.5,109.19 3 1
altaStore/business/cart/service.go:103.19,105.6 1 1
altaStore/business/cart/service.go:109.19,111.6 1 1
altaStore/business/cart/service.go:114.8,115.37 1 1
altaStore/business/cart/service.go:115.37,126.18 3 1
altaStore/business/cart/service.go:130.4,132.18 3 1
altaStore/business/cart/service.go:126.18,128.5 1 1
altaStore/business/cart/service.go:132.18,134.5 1 1
altaStore/business/cart/service.go:135.9,137.4 1 1
altaStore/business/cart/service.go:143.66,146.16 3 1
altaStore/business/cart/service.go:150.2,152.16 2 1
altaStore/business/cart/service.go:157.2,161.36 4 1
altaStore/business/cart/service.go:167.2,169.20 2 1
altaStore/business/cart/service.go:146.16,148.3 1 1
altaStore/business/cart/service.go:152.16,155.3 2 1
altaStore/business/cart/service.go:161.36,165.3 3 1
altaStore/business/categories/categories.go:19.64,27.2 1 1
altaStore/business/categories/categories.go:29.99,39.2 1 1
altaStore/business/categories/service.go:34.60,38.2 1 1
altaStore/business/categories/service.go:40.103,42.16 2 1
altaStore/business/categories/service.go:45.2,45.18 1 1
altaStore/business/categories/service.go:42.16,44.3 1 1
altaStore/business/categories/service.go:48.125,50.16 2 1
altaStore/business/categories/service.go:53.2,53.18 1 1
altaStore/business/categories/service.go:50.16,52.3 1 1
altaStore/business/categories/service.go:56.109,58.16 2 1
altaStore/business/categories/service.go:62.2,62.35 1 1
altaStore/business/categories/service.go:69.2,69.27 1 1
altaStore/business/categories/service.go:73.2,76.16 4 1
altaStore/business/categories/service.go:79.2,79.12 1 1
altaStore/business/categories/service.go:58.16,60.3 1 1
altaStore/business/categories/service.go:62.35,64.17 2 1
altaStore/business/categories/service.go:64.17,66.4 1 1
altaStore/business/categories/service.go:69.27,71.3 1 0
altaStore/business/categories/service.go:76.16,78.3 1 1
altaStore/business/categories/service.go:82.139,84.16 2 1
altaStore/business/categories/service.go:88.2,89.16 2 1
altaStore/business/categories/service.go:94.2,94.38 1 1
altaStore/business/categories/service.go:98.2,100.16 3 1
altaStore/business/categories/service.go:103.2,103.12 1 1
altaStore/business/categories/service.go:84.16,86.3 1 1
altaStore/business/categories/service.go:89.16,91.3 1 1
altaStore/business/categories/service.go:94.38,96.3 1 1
altaStore/business/categories/service.go:100.16,102.3 1 1
altaStore/business/categories/service.go:106.96,108.16 2 1
altaStore/business/categories/service.go:113.2,113.36 1 1
altaStore/business/categories/service.go:117.2,118.16 2 1
altaStore/business/categories/service.go:121.2,121.12 1 1
altaStore/business/categories/service.go:108.16,110.3 1 0
altaStore/business/categories/service.go:113.36,115.3 1 1
altaStore/business/categories/service.go:118.16,120.3 1 1
altaStore/business/products/products.go:24.69,36.2 1 1
altaStore/business/products/products.go:38.110,51.2 1 1
altaStore/business/products/service.go:45.106,50.2 1 1
altaStore/business/products/service.go:52.85,54.16 2 1
altaStore/business/products/service.go:58.2,59.38 2 1
altaStore/business/products/service.go:68.2,68.49 1 1
altaStore/business/products/service.go:54.16,56.3 1 1
altaStore/business/products/service.go:59.38,61.19 2 1
altaStore/business/products/service.go:64.3,65.88 2 1
altaStore/business/products/service.go:61.19,62.12 1 0
altaStore/business/products/service.go:71.76,73.16 2 1
altaStore/business/products/service.go:76.2,78.22 3 1
altaStore/business/products/service.go:73.16,75.3 1 1
altaStore/business/products/service.go:81.116,83.16 2 1
altaStore/business/products/service.go:86.2,88.16 3 1
altaStore/business/products/service.go:92.2,92.22 1 1
altaStore/business/products/service.go:83.16,85.3 1 1
altaStore/business/products/service.go:88.16,90.3 1 1
altaStore/business/products/service.go:95.127,97.16 2 1
altaStore/business/products/service.go:100.2,101.16 2 1
altaStore/business/products/service.go:106.2,106.34 1 1
altaStore/business/products/service.go:110.2,113.16 3 1
altaStore/business/products/service.go:116.2,116.12 1 1
altaStore/business/products/service.go:97.16,99.3 1 1
altaStore/business/products/service.go:101.16,103.3 1 1
altaStore/business/products/service.go:106.34,108.3 1 1
altaStore/business/products/service.go:113.16,115.3 1 1
altaStore/business/products/service.go:119.80,121.16 2 1
altaStore/business/products/service.go:124.2,124.37 1 1
altaStore/business/products/service.go:127.2,128.16 2 1
altaStore/business/products/service.go:131.2,131.12 1 1
altaStore/business/products/service.go:121.16,123.3 1 1
altaStore/business/products/service.go:124.37,126.3 1 1
altaStore/business/products/service.go:128.16,130.3 1 1
altaStore/business/user/service.go:25.59,30.2 1 1
altaStore/business/user/service.go:33.55,42.2 7 1
altaStore/business/user/service.go:45.64,47.2 1 1
altaStore/business/user/service.go:50.73,58.16 7 1
altaStore/business/user/service.go:62.2,62.18 1 1
altaStore/business/user/service.go:58.16,60.3 1 1
altaStore/business/user/service.go:66.67,68.16 2 1
altaStore/business/user/service.go:71.2,72.25 2 1
altaStore/business/user/service.go:75.2,84.16 3 1
altaStore/business/user/service.go:88.2,88.12 1 1
altaStore/business/user/service.go:68.16,70.3 1 1
altaStore/business/user/service.go:72.25,74.3 1 1
altaStore/business/user/service.go:84.16,86.3 1 1
altaStore/business/user/user.go:22.28,33.2 1 1
altaStore/business/products_images/service.go:12.64,16.2 1 1
altaStore/business/products_images/service.go:18.124,20.28 1 1
altaStore/business/products_images/service.go:27.2,27.12 1 1
altaStore/business/products_images/service.go:20.28,22.17 2 1
altaStore/business/products_images/service.go:22.17,24.4 1 1
altaStore/business/products_images/service.go:30.117,32.16 2 1
altaStore/business/products_images/service.go:37.2,37.30 1 1
altaStore/business/products_images/service.go:41.2,42.16 2 1
altaStore/business/products_images/service.go:46.2,46.12 1 1
altaStore/business/products_images/service.go:32.16,34.3 1 1
altaStore/business/products_images/service.go:37.30,39.3 1 0
altaStore/business/products_images/service.go:42.16,44.3 1 1
