mode: set
altaStore/business/transaction/service.go:38.43,45.2 1 1
altaStore/business/transaction/service.go:47.82,49.16 2 0
altaStore/business/transaction/service.go:53.2,55.59 2 0
altaStore/business/transaction/service.go:59.2,61.41 2 0
altaStore/business/transaction/service.go:65.2,67.16 2 0
altaStore/business/transaction/service.go:71.2,77.36 5 0
altaStore/business/transaction/service.go:83.2,100.16 9 0
altaStore/business/transaction/service.go:104.2,105.16 2 0
altaStore/business/transaction/service.go:109.2,110.16 2 0
altaStore/business/transaction/service.go:114.2,126.23 2 0
altaStore/business/transaction/service.go:49.16,51.3 1 0
altaStore/business/transaction/service.go:55.59,57.3 1 0
altaStore/business/transaction/service.go:61.41,63.3 1 0
altaStore/business/transaction/service.go:67.16,69.3 1 0
altaStore/business/transaction/service.go:77.36,81.3 3 0
altaStore/business/transaction/service.go:100.16,102.3 1 0
altaStore/business/transaction/service.go:105.16,107.3 1 0
altaStore/business/transaction/service.go:110.16,112.3 1 0
altaStore/business/transaction/service.go:129.106,134.16 3 1
altaStore/business/transaction/service.go:138.2,140.27 2 1
altaStore/business/transaction/service.go:144.2,152.36 6 1
altaStore/business/transaction/service.go:157.2,169.23 2 1
altaStore/business/transaction/service.go:134.16,136.3 1 1
altaStore/business/transaction/service.go:140.27,142.3 1 1
altaStore/business/transaction/service.go:152.36,155.3 2 1
altaStore/business/transaction/service.go:172.79,177.16 4 1
altaStore/business/transaction/service.go:181.2,181.30 1 0
altaStore/business/transaction/service.go:185.2,186.40 2 0
altaStore/business/transaction/service.go:191.2,191.26 1 0
altaStore/business/transaction/service.go:177.16,179.3 1 1
altaStore/business/transaction/service.go:181.30,183.3 1 0
altaStore/business/transaction/service.go:186.40,189.3 2 0
altaStore/business/transaction/transaction.go:61.35,76.2 1 0
altaStore/business/transaction/transaction.go:89.20,102.2 1 1
altaStore/business/transaction/transaction.go:109.11,116.2 1 1
altaStore/business/transaction/transaction.go:118.68,129.2 1 1
