mode: set
altaStore/business/categories/service.go:23.60,27.2 1 1
altaStore/business/categories/service.go:29.85,31.16 2 1
altaStore/business/categories/service.go:34.2,34.18 1 1
altaStore/business/categories/service.go:31.16,33.3 1 1
altaStore/business/categories/service.go:37.103,39.16 2 1
altaStore/business/categories/service.go:42.2,42.18 1 1
altaStore/business/categories/service.go:39.16,41.3 1 1
altaStore/business/categories/service.go:45.109,47.16 2 1
altaStore/business/categories/service.go:51.2,51.35 1 1
altaStore/business/categories/service.go:57.2,60.16 4 1
altaStore/business/categories/service.go:63.2,63.12 1 1
altaStore/business/categories/service.go:47.16,49.3 1 1
altaStore/business/categories/service.go:51.35,53.17 2 1
altaStore/business/categories/service.go:53.17,55.4 1 1
altaStore/business/categories/service.go:60.16,62.3 1 1
altaStore/business/categories/service.go:66.139,68.16 2 1
altaStore/business/categories/service.go:72.2,73.16 2 1
altaStore/business/categories/service.go:78.2,78.36 1 1
altaStore/business/categories/service.go:82.2,84.16 3 1
altaStore/business/categories/service.go:87.2,87.12 1 1
altaStore/business/categories/service.go:68.16,70.3 1 1
altaStore/business/categories/service.go:73.16,75.3 1 1
altaStore/business/categories/service.go:78.36,80.3 1 1
altaStore/business/categories/service.go:84.16,86.3 1 1
altaStore/business/categories/service.go:90.96,92.16 2 1
altaStore/business/categories/service.go:97.2,97.36 1 1
altaStore/business/categories/service.go:101.2,102.16 2 1
altaStore/business/categories/service.go:105.2,105.12 1 1
altaStore/business/categories/service.go:92.16,94.3 1 0
altaStore/business/categories/service.go:97.36,99.3 1 1
altaStore/business/categories/service.go:102.16,104.3 1 1
altaStore/business/categories/categories.go:19.64,27.2 1 1
altaStore/business/categories/categories.go:29.99,39.2 1 1
