mode: set
altaStore/business/products/products.go:24.69,36.2 1 1
altaStore/business/products/products.go:38.110,51.2 1 1
altaStore/business/products/service.go:43.106,48.2 1 1
altaStore/business/products/service.go:50.85,52.16 2 1
altaStore/business/products/service.go:56.2,57.38 2 1
altaStore/business/products/service.go:66.2,66.49 1 1
altaStore/business/products/service.go:52.16,54.3 1 1
altaStore/business/products/service.go:57.38,59.19 2 1
altaStore/business/products/service.go:62.3,63.88 2 1
altaStore/business/products/service.go:59.19,60.12 1 0
altaStore/business/products/service.go:69.76,71.16 2 1
altaStore/business/products/service.go:74.2,76.22 3 1
altaStore/business/products/service.go:71.16,73.3 1 1
altaStore/business/products/service.go:79.116,81.16 2 1
altaStore/business/products/service.go:84.2,86.16 3 1
altaStore/business/products/service.go:90.2,90.22 1 1
altaStore/business/products/service.go:81.16,83.3 1 1
altaStore/business/products/service.go:86.16,88.3 1 1
altaStore/business/products/service.go:93.127,95.16 2 1
altaStore/business/products/service.go:98.2,99.16 2 1
altaStore/business/products/service.go:104.2,104.34 1 1
altaStore/business/products/service.go:108.2,111.16 3 1
altaStore/business/products/service.go:114.2,114.12 1 1
altaStore/business/products/service.go:95.16,97.3 1 1
altaStore/business/products/service.go:99.16,101.3 1 1
altaStore/business/products/service.go:104.34,106.3 1 1
altaStore/business/products/service.go:111.16,113.3 1 1
