mode: set
altaStore/business/products/products.go:24.69,36.2 1 1
altaStore/business/products/products.go:38.110,51.2 1 1
altaStore/business/products/service.go:45.106,50.2 1 1
altaStore/business/products/service.go:52.85,54.16 2 1
altaStore/business/products/service.go:58.2,59.38 2 1
altaStore/business/products/service.go:68.2,68.49 1 1
altaStore/business/products/service.go:54.16,56.3 1 1
altaStore/business/products/service.go:59.38,61.19 2 1
altaStore/business/products/service.go:64.3,65.88 2 1
altaStore/business/products/service.go:61.19,62.12 1 0
altaStore/business/products/service.go:71.76,73.16 2 1
altaStore/business/products/service.go:76.2,78.22 3 1
altaStore/business/products/service.go:73.16,75.3 1 1
altaStore/business/products/service.go:81.116,83.16 2 1
altaStore/business/products/service.go:86.2,88.16 3 1
altaStore/business/products/service.go:92.2,92.22 1 1
altaStore/business/products/service.go:83.16,85.3 1 1
altaStore/business/products/service.go:88.16,90.3 1 1
altaStore/business/products/service.go:95.127,97.16 2 1
altaStore/business/products/service.go:100.2,101.16 2 1
altaStore/business/products/service.go:106.2,106.34 1 1
altaStore/business/products/service.go:110.2,113.16 3 1
altaStore/business/products/service.go:116.2,116.12 1 1
altaStore/business/products/service.go:97.16,99.3 1 0
altaStore/business/products/service.go:101.16,103.3 1 1
altaStore/business/products/service.go:106.34,108.3 1 1
altaStore/business/products/service.go:113.16,115.3 1 1
altaStore/business/products/service.go:119.80,121.16 2 1
altaStore/business/products/service.go:124.2,124.37 1 1
altaStore/business/products/service.go:127.2,128.16 2 1
altaStore/business/products/service.go:131.2,131.12 1 1
altaStore/business/products/service.go:121.16,123.3 1 1
altaStore/business/products/service.go:124.37,126.3 1 1
altaStore/business/products/service.go:128.16,130.3 1 1
