mode: set
altaStore/business/cart/service.go:28.43,33.2 1 1
altaStore/business/cart/service.go:35.64,37.16 2 1
altaStore/business/cart/service.go:41.2,42.16 2 1
altaStore/business/cart/service.go:57.2,60.16 3 1
altaStore/business/cart/service.go:64.2,64.36 1 1
altaStore/business/cart/service.go:70.2,72.16 2 1
altaStore/business/cart/service.go:140.2,140.12 1 1
altaStore/business/cart/service.go:37.16,39.3 1 1
altaStore/business/cart/service.go:42.16,50.17 3 1
altaStore/business/cart/service.go:54.3,54.70 1 1
altaStore/business/cart/service.go:50.17,52.4 1 1
altaStore/business/cart/service.go:60.16,62.3 1 1
altaStore/business/cart/service.go:64.36,65.50 1 1
altaStore/business/cart/service.go:65.50,67.4 1 1
altaStore/business/cart/service.go:72.16,76.124 3 1
altaStore/business/cart/service.go:76.124,79.18 2 1
altaStore/business/cart/service.go:83.4,84.18 2 1
altaStore/business/cart/service.go:79.18,81.5 1 1
altaStore/business/cart/service.go:84.18,86.5 1 1
altaStore/business/cart/service.go:87.9,88.38 1 1
altaStore/business/cart/service.go:88.38,93.19 4 1
altaStore/business/cart/service.go:96.5,97.19 2 1
altaStore/business/cart/service.go:93.19,95.6 1 1
altaStore/business/cart/service.go:97.19,99.6 1 1
altaStore/business/cart/service.go:100.10,103.19 2 1
altaStore/business/cart/service.go:107.5,109.19 3 1
altaStore/business/cart/service.go:103.19,105.6 1 1
altaStore/business/cart/service.go:109.19,111.6 1 1
altaStore/business/cart/service.go:114.8,115.37 1 1
altaStore/business/cart/service.go:115.37,126.18 3 1
altaStore/business/cart/service.go:130.4,132.18 3 1
altaStore/business/cart/service.go:126.18,128.5 1 1
altaStore/business/cart/service.go:132.18,134.5 1 1
altaStore/business/cart/service.go:135.9,137.4 1 1
altaStore/business/cart/service.go:143.66,146.16 3 1
altaStore/business/cart/service.go:150.2,152.16 2 1
altaStore/business/cart/service.go:157.2,161.36 4 1
altaStore/business/cart/service.go:167.2,169.20 2 1
altaStore/business/cart/service.go:146.16,148.3 1 1
altaStore/business/cart/service.go:152.16,155.3 2 1
altaStore/business/cart/service.go:161.36,165.3 3 1
altaStore/business/cart/cart.go:52.28,62.2 1 1
altaStore/business/cart/cart.go:70.34,81.2 1 1
altaStore/business/cart/cart.go:88.45,95.2 1 1
altaStore/business/cart/cart.go:98.86,105.2 1 1
altaStore/business/cart/cart.go:107.59,112.2 1 1
