mode: set
altaStore/business/address/address.go:47.31,64.2 1 1
altaStore/business/address/service.go:29.48,33.2 1 1
altaStore/business/address/service.go:36.76,38.16 2 1
altaStore/business/address/service.go:42.2,43.16 2 1
altaStore/business/address/service.go:57.2,57.42 1 1
altaStore/business/address/service.go:60.2,75.16 3 1
altaStore/business/address/service.go:79.2,79.12 1 1
altaStore/business/address/service.go:38.16,40.3 1 1
altaStore/business/address/service.go:43.16,44.35 1 1
altaStore/business/address/service.go:44.35,46.4 1 1
altaStore/business/address/service.go:47.8,49.34 1 1
altaStore/business/address/service.go:49.34,51.18 2 1
altaStore/business/address/service.go:51.18,53.5 1 1
altaStore/business/address/service.go:57.42,59.3 1 1
altaStore/business/address/service.go:75.16,77.3 1 1
altaStore/business/address/service.go:83.68,85.2 1 1
altaStore/business/address/service.go:88.65,91.16 2 1
altaStore/business/address/service.go:95.2,95.21 1 1
altaStore/business/address/service.go:91.16,93.3 1 1
